<?xml version="1.0" encoding="UTF-8"?>
<!-- Generated by org.testng.reporters.JUnitReportReporter -->
<testsuite skipped="0" hostname="W0472501MSMXT" name="com.w2a.testcases.LoginTest" tests="1" failures="0" timestamp="2019-12-23T14:51:11 IST" time="4.730" errors="0">
  <testcase name="loginTest" time="4.730" classname="com.w2a.testcases.LoginTest"/>
</testsuite> <!-- com.w2a.testcases.LoginTest -->
